Arguments: 
  /usr/bin/node /usr/bin/yarn install

PATH: 
  /home/filippo/.zplugin/polaris/bin:/usr/local/sbin:/usr/local/bin:/usr/sbin:/usr/bin:/sbin:/bin:/usr/games:/usr/local/games:/snap/bin:/home/filippo/Android/Sdk/tools:/home/filippo/Android/Sdk/platform-tools:/home/filippo/Android/Sdk/tools:/home/filippo/Android/Sdk/platform-tools:/home/filippo/Android/Sdk/tools:/home/filippo/Android/Sdk/platform-tools:/home/filippo/Android/Sdk/tools:/home/filippo/Android/Sdk/platform-tools

Yarn version: 
  1.21.1

Node version: 
  10.20.1

Platform: 
  linux x64

Trace: 
  Error: EACCES: permission denied, rmdir '/home/filippo/Ãrea de Trabalho/pic2020/node_modules/node-sass/vendor/linux-x64-64'

npm manifest: 
  {
    "name": "pic",
    "version": "0.1.0",
    "private": true,
    "scripts": {
      "serve": "vue-cli-service serve",
      "build": "vue-cli-service build",
      "lint": "vue-cli-service lint",
      "start": "node server.js"
    },
    "dependencies": {
      "@babel/polyfill": "^7.8.7",
      "core-js": "^2.6.11",
      "express": "^4.17.1",
      "serve-static": "^1.14.1",
      "vue": "^2.6.11",
      "vue-router": "^3.1.6"
    },
    "devDependencies": {
      "@vue/cli-plugin-babel": "^4.3.0",
      "@vue/cli-plugin-eslint": "^4.3.0",
      "@vue/cli-service": "^4.3.0",
      "babel-eslint": "^10.1.0",
      "eslint": "^6.7.2",
      "eslint-plugin-vue": "^6.2.2",
      "node-sass": "^4.14.0",
      "sass-loader": "^8.0.2",
      "vue-template-compiler": "^2.6.11"
    },
    "eslintConfig": {
      "root": true,
      "env": {
        "node": true
      },
      "extends": [
        "plugin:vue/essential",
        "eslint:recommended"
      ],
      "parserOptions": {
        "parser": "babel-eslint"
      },
      "rules": {}
    },
    "browserslist": [
      "> 1%",
      "last 2 versions",
      "not dead"
    ]
  }

yarn manifest: 
  No manifest

Lockfile: 
  No lockfile
